<?xml version="1.0" encoding="UTF-8"?>
<beans xmlns="http://www.springframework.org/schema/beans"
	xmlns:jdbc="http://www.springframework.org/schema/jdbc"
	xmlns:xsi="http://www.w3.org/2001/XMLSchema-instance"
	xsi:schemaLocation="http://www.springframework.org/schema/jdbc http://www.springframework.org/schema/jdbc/spring-jdbc.xsd
		http://www.springframework.org/schema/beans http://www.springframework.org/schema/beans/spring-beans.xsd">

	<!-- Specify the test database to use (HSQLDB, H2, etc.) -->
	<import resource="classpath:/database/hsqldb/initialization/initialization-context.xml" />
	<import resource="classpath:/common/test-environment-context.xml" />
	<import resource="classpath:/test-data-source-context.xml" />
	<import resource="classpath:/hibernate-context.xml"/>
	
</beans>
